<?xml version="1.0" encoding="UTF-8"?>
<!-- Generated by org.testng.reporters.JUnitReportReporter -->
<testsuite skipped="0" hostname="LAPTOP-MHUVFH4M" name="TestVagrant.assignment.testVagAssignmnet" tests="1" failures="0" timestamp="24 Jul 2020 07:19:25 GMT" time="41.825" errors="0">
  <testcase name="testing" time="41.825" classname="TestVagrant.assignment.testVagAssignmnet"/>
</testsuite> <!-- TestVagrant.assignment.testVagAssignmnet -->
